2021-02-12 23:20:30 [INFO ] i.a.f.v.ui.MetricSequencerServer - Starting MetricSequencerServer on DESKTOP-MKDS34U with PID 31388 (F:\github_store\vortex\vortex-sequencer\target\classes started by Dell in F:\github_store\vortex\vortex-sequencer)
2021-02-12 23:20:30 [INFO ] i.a.f.v.ui.MetricSequencerServer - No active profile set, falling back to default profiles: default
2021-02-12 23:20:30 [WARN ] o.s.b.w.s.c.AnnotationConfigServletWebServerApplicationContext - Exception encountered during context initialization - cancelling refresh attempt: org.springframework.beans.factory.BeanDefinitionStoreException: Failed to process import candidates for configuration class [indi.atlantis.framework.vortex.ui.MetricSequencerServer]; nested exception is java.lang.IllegalStateException: Failed to introspect annotated methods on class indi.atlantis.framework.vortex.NioTransportAutoConfiguration
2021-02-12 23:20:30 [INFO ] o.s.b.a.l.ConditionEvaluationReportLoggingListener - 

Error starting ApplicationContext. To display the conditions report re-run your application with 'debug' enabled.
2021-02-12 23:21:23 [INFO ] i.a.f.v.ui.MetricSequencerServer - Starting MetricSequencerServer on DESKTOP-MKDS34U with PID 16500 (F:\github_store\vortex\vortex-sequencer\target\classes started by Dell in F:\github_store\vortex\vortex-sequencer)
2021-02-12 23:21:23 [INFO ] i.a.f.v.ui.MetricSequencerServer - No active profile set, falling back to default profiles: default
2021-02-12 23:21:23 [WARN ] o.s.b.w.s.c.AnnotationConfigServletWebServerApplicationContext - Exception encountered during context initialization - cancelling refresh attempt: org.springframework.beans.factory.BeanDefinitionStoreException: Failed to process import candidates for configuration class [indi.atlantis.framework.vortex.ui.MetricSequencerServer]; nested exception is java.lang.IllegalStateException: Failed to introspect annotated methods on class indi.atlantis.framework.vortex.NioTransportAutoConfiguration
2021-02-12 23:21:23 [INFO ] o.s.b.a.l.ConditionEvaluationReportLoggingListener - 

Error starting ApplicationContext. To display the conditions report re-run your application with 'debug' enabled.
2021-02-12 23:28:08 [INFO ] i.a.f.v.ui.MetricSequencerServer - Starting MetricSequencerServer on DESKTOP-MKDS34U with PID 27760 (F:\github_store\vortex\vortex-sequencer\target\classes started by Dell in F:\github_store\vortex\vortex-sequencer)
2021-02-12 23:28:08 [INFO ] i.a.f.v.ui.MetricSequencerServer - No active profile set, falling back to default profiles: default
2021-02-12 23:28:10 [INFO ] o.s.d.r.c.RepositoryConfigurationDelegate - Multiple Spring Data modules found, entering strict repository configuration mode!
2021-02-12 23:28:10 [INFO ] o.s.d.r.c.RepositoryConfigurationDelegate - Bootstrapping Spring Data Redis repositories in DEFAULT mode.
2021-02-12 23:28:10 [INFO ] o.s.d.r.c.RepositoryConfigurationDelegate - Finished Spring Data repository scanning in 14ms. Found 0 Redis repository interfaces.
2021-02-12 23:28:10 [INFO ] o.s.c.s.PostProcessorRegistrationDelegate$BeanPostProcessorChecker - Bean 'indi.atlantis.framework.vortex.NioTransportAutoConfiguration' of type [indi.atlantis.framework.vortex.NioTransportAutoConfiguration$$EnhancerBySpringCGLIB$$facbb0ea] is not eligible for getting processed by all BeanPostProcessors (for example: not eligible for auto-proxying)
2021-02-12 23:28:10 [INFO ] o.s.c.s.PostProcessorRegistrationDelegate$BeanPostProcessorChecker - Bean 'spring.redis-org.springframework.boot.autoconfigure.data.redis.RedisProperties' of type [org.springframework.boot.autoconfigure.data.redis.RedisProperties] is not eligible for getting processed by all BeanPostProcessors (for example: not eligible for auto-proxying)
2021-02-12 23:28:10 [INFO ] o.s.c.s.PostProcessorRegistrationDelegate$BeanPostProcessorChecker - Bean 'org.springframework.boot.autoconfigure.data.redis.JedisConnectionConfiguration' of type [org.springframework.boot.autoconfigure.data.redis.JedisConnectionConfiguration] is not eligible for getting processed by all BeanPostProcessors (for example: not eligible for auto-proxying)
2021-02-12 23:28:10 [INFO ] o.s.c.s.PostProcessorRegistrationDelegate$BeanPostProcessorChecker - Bean 'redisConnectionFactory' of type [org.springframework.data.redis.connection.jedis.JedisConnectionFactory] is not eligible for getting processed by all BeanPostProcessors (for example: not eligible for auto-proxying)
2021-02-12 23:28:11 [INFO ] o.s.c.s.PostProcessorRegistrationDelegate$BeanPostProcessorChecker - Bean 'redisBufferZone' of type [indi.atlantis.framework.vortex.buffer.RedisBufferZone] is not eligible for getting processed by all BeanPostProcessors (for example: not eligible for auto-proxying)
2021-02-12 23:28:11 [WARN ] o.s.b.w.s.c.AnnotationConfigServletWebServerApplicationContext - Exception encountered during context initialization - cancelling refresh attempt: org.springframework.beans.factory.UnsatisfiedDependencyException: Error creating bean with name 'tupleLoopProcessor': Unsatisfied dependency expressed through field 'counter'; nested exception is org.springframework.beans.factory.BeanCreationException: Error creating bean with name 'consumer' defined in indi.atlantis.framework.vortex.NioTransportAutoConfiguration: Bean instantiation via factory method failed; nested exception is org.springframework.beans.BeanInstantiationException: Failed to instantiate [indi.atlantis.framework.vortex.Counter]: Factory method 'consumer' threw exception; nested exception is org.springframework.dao.InvalidDataAccessApiUsageException: NOAUTH Authentication required.; nested exception is redis.clients.jedis.exceptions.JedisDataException: NOAUTH Authentication required.
2021-02-12 23:28:11 [INFO ] o.s.b.a.l.ConditionEvaluationReportLoggingListener - 

Error starting ApplicationContext. To display the conditions report re-run your application with 'debug' enabled.
2021-02-12 23:29:06 [INFO ] i.a.f.v.ui.MetricSequencerServer - Starting MetricSequencerServer on DESKTOP-MKDS34U with PID 28120 (F:\github_store\vortex\vortex-sequencer\target\classes started by Dell in F:\github_store\vortex\vortex-sequencer)
2021-02-12 23:29:06 [INFO ] i.a.f.v.ui.MetricSequencerServer - No active profile set, falling back to default profiles: default
2021-02-12 23:29:07 [INFO ] o.s.d.r.c.RepositoryConfigurationDelegate - Multiple Spring Data modules found, entering strict repository configuration mode!
2021-02-12 23:29:07 [INFO ] o.s.d.r.c.RepositoryConfigurationDelegate - Bootstrapping Spring Data Redis repositories in DEFAULT mode.
2021-02-12 23:29:07 [INFO ] o.s.d.r.c.RepositoryConfigurationDelegate - Finished Spring Data repository scanning in 14ms. Found 0 Redis repository interfaces.
2021-02-12 23:29:07 [INFO ] o.s.c.s.PostProcessorRegistrationDelegate$BeanPostProcessorChecker - Bean 'indi.atlantis.framework.vortex.NioTransportAutoConfiguration' of type [indi.atlantis.framework.vortex.NioTransportAutoConfiguration$$EnhancerBySpringCGLIB$$edea2cf1] is not eligible for getting processed by all BeanPostProcessors (for example: not eligible for auto-proxying)
2021-02-12 23:29:08 [INFO ] o.s.c.s.PostProcessorRegistrationDelegate$BeanPostProcessorChecker - Bean 'spring.redis-org.springframework.boot.autoconfigure.data.redis.RedisProperties' of type [org.springframework.boot.autoconfigure.data.redis.RedisProperties] is not eligible for getting processed by all BeanPostProcessors (for example: not eligible for auto-proxying)
2021-02-12 23:29:08 [INFO ] o.s.c.s.PostProcessorRegistrationDelegate$BeanPostProcessorChecker - Bean 'org.springframework.boot.autoconfigure.data.redis.JedisConnectionConfiguration' of type [org.springframework.boot.autoconfigure.data.redis.JedisConnectionConfiguration] is not eligible for getting processed by all BeanPostProcessors (for example: not eligible for auto-proxying)
2021-02-12 23:29:08 [INFO ] o.s.c.s.PostProcessorRegistrationDelegate$BeanPostProcessorChecker - Bean 'redisConnectionFactory' of type [org.springframework.data.redis.connection.jedis.JedisConnectionFactory] is not eligible for getting processed by all BeanPostProcessors (for example: not eligible for auto-proxying)
2021-02-12 23:29:08 [INFO ] o.s.c.s.PostProcessorRegistrationDelegate$BeanPostProcessorChecker - Bean 'redisBufferZone' of type [indi.atlantis.framework.vortex.buffer.RedisBufferZone] is not eligible for getting processed by all BeanPostProcessors (for example: not eligible for auto-proxying)
2021-02-12 23:29:08 [INFO ] o.s.c.s.PostProcessorRegistrationDelegate$BeanPostProcessorChecker - Bean 'consumer' of type [indi.atlantis.framework.vortex.Counter] is not eligible for getting processed by all BeanPostProcessors (for example: not eligible for auto-proxying)
2021-02-12 23:29:08 [INFO ] o.s.c.s.PostProcessorRegistrationDelegate$BeanPostProcessorChecker - Bean 'indi.atlantis.framework.reditools.common.RedisCommonConfig' of type [indi.atlantis.framework.reditools.common.RedisCommonConfig] is not eligible for getting processed by all BeanPostProcessors (for example: not eligible for auto-proxying)
2021-02-12 23:29:08 [WARN ] o.s.b.w.s.c.AnnotationConfigServletWebServerApplicationContext - Exception encountered during context initialization - cancelling refresh attempt: org.springframework.beans.factory.UnsatisfiedDependencyException: Error creating bean with name 'redisKeepAliveResolver': Unsatisfied dependency expressed through field 'redisTemplate'; nested exception is org.springframework.beans.factory.NoSuchBeanDefinitionException: No qualifying bean of type 'org.springframework.data.redis.core.RedisTemplate<java.lang.String, java.lang.Object>' available: expected at least 1 bean which qualifies as autowire candidate. Dependency annotations: {@org.springframework.beans.factory.annotation.Qualifier(value=reditools:redis-template), @org.springframework.beans.factory.annotation.Autowired(required=true)}
2021-02-12 23:29:08 [INFO ] o.s.b.a.l.ConditionEvaluationReportLoggingListener - 

Error starting ApplicationContext. To display the conditions report re-run your application with 'debug' enabled.
2021-02-12 23:30:37 [INFO ] i.a.f.v.ui.MetricSequencerServer - Starting MetricSequencerServer on DESKTOP-MKDS34U with PID 30284 (F:\github_store\vortex\vortex-sequencer\target\classes started by Dell in F:\github_store\vortex\vortex-sequencer)
2021-02-12 23:30:37 [INFO ] i.a.f.v.ui.MetricSequencerServer - No active profile set, falling back to default profiles: default
2021-02-12 23:30:37 [INFO ] o.s.d.r.c.RepositoryConfigurationDelegate - Multiple Spring Data modules found, entering strict repository configuration mode!
2021-02-12 23:30:37 [INFO ] o.s.d.r.c.RepositoryConfigurationDelegate - Bootstrapping Spring Data Redis repositories in DEFAULT mode.
2021-02-12 23:30:37 [INFO ] o.s.d.r.c.RepositoryConfigurationDelegate - Finished Spring Data repository scanning in 17ms. Found 0 Redis repository interfaces.
2021-02-12 23:30:38 [INFO ] o.s.c.s.PostProcessorRegistrationDelegate$BeanPostProcessorChecker - Bean 'indi.atlantis.framework.vortex.NioTransportAutoConfiguration' of type [indi.atlantis.framework.vortex.NioTransportAutoConfiguration$$EnhancerBySpringCGLIB$$300b7c67] is not eligible for getting processed by all BeanPostProcessors (for example: not eligible for auto-proxying)
2021-02-12 23:30:38 [INFO ] o.s.c.s.PostProcessorRegistrationDelegate$BeanPostProcessorChecker - Bean 'redisConfig' of type [indi.atlantis.framework.vortex.ui.RedisConfig$$EnhancerBySpringCGLIB$$b3b27df4] is not eligible for getting processed by all BeanPostProcessors (for example: not eligible for auto-proxying)
2021-02-12 23:30:38 [INFO ] o.s.c.s.PostProcessorRegistrationDelegate$BeanPostProcessorChecker - Bean 'jedisPoolConfig' of type [redis.clients.jedis.JedisPoolConfig] is not eligible for getting processed by all BeanPostProcessors (for example: not eligible for auto-proxying)
2021-02-12 23:30:38 [INFO ] o.s.c.s.PostProcessorRegistrationDelegate$BeanPostProcessorChecker - Bean 'redisConnectionFactory' of type [org.springframework.data.redis.connection.jedis.JedisConnectionFactory] is not eligible for getting processed by all BeanPostProcessors (for example: not eligible for auto-proxying)
2021-02-12 23:30:38 [INFO ] o.s.c.s.PostProcessorRegistrationDelegate$BeanPostProcessorChecker - Bean 'redisBufferZone' of type [indi.atlantis.framework.vortex.buffer.RedisBufferZone] is not eligible for getting processed by all BeanPostProcessors (for example: not eligible for auto-proxying)
2021-02-12 23:30:38 [INFO ] o.s.c.s.PostProcessorRegistrationDelegate$BeanPostProcessorChecker - Bean 'consumer' of type [indi.atlantis.framework.vortex.Counter] is not eligible for getting processed by all BeanPostProcessors (for example: not eligible for auto-proxying)
2021-02-12 23:30:38 [INFO ] o.s.c.s.PostProcessorRegistrationDelegate$BeanPostProcessorChecker - Bean 'indi.atlantis.framework.reditools.messager.RedisMessageConfig' of type [indi.atlantis.framework.reditools.messager.RedisMessageConfig] is not eligible for getting processed by all BeanPostProcessors (for example: not eligible for auto-proxying)
2021-02-12 23:30:38 [INFO ] o.s.c.s.PostProcessorRegistrationDelegate$BeanPostProcessorChecker - Bean 'indi.atlantis.framework.reditools.messager.RedisMessageConfig$PubSubModeConfig' of type [indi.atlantis.framework.reditools.messager.RedisMessageConfig$PubSubModeConfig] is not eligible for getting processed by all BeanPostProcessors (for example: not eligible for auto-proxying)
2021-02-12 23:30:39 [INFO ] o.s.c.s.PostProcessorRegistrationDelegate$BeanPostProcessorChecker - Bean 'reditools:redis-serializer' of type [org.springframework.data.redis.serializer.Jackson2JsonRedisSerializer] is not eligible for getting processed by all BeanPostProcessors (for example: not eligible for auto-proxying)
2021-02-12 23:30:39 [INFO ] o.s.c.s.PostProcessorRegistrationDelegate$BeanPostProcessorChecker - Bean 'reditools:redis-template' of type [org.springframework.data.redis.core.RedisTemplate] is not eligible for getting processed by all BeanPostProcessors (for example: not eligible for auto-proxying)
2021-02-12 23:30:39 [INFO ] o.s.c.s.PostProcessorRegistrationDelegate$BeanPostProcessorChecker - Bean 'reditools:pubsub-redis-message-dispatcher' of type [indi.atlantis.framework.reditools.messager.PubSubRedisMessageDispatcher] is not eligible for getting processed by all BeanPostProcessors (for example: not eligible for auto-proxying)
2021-02-12 23:30:39 [INFO ] o.s.c.s.PostProcessorRegistrationDelegate$BeanPostProcessorChecker - Bean 'reditools:redis-message-event-listener' of type [indi.atlantis.framework.reditools.messager.RedisMessageEventListener] is not eligible for getting processed by all BeanPostProcessors (for example: not eligible for auto-proxying)
2021-02-12 23:30:39 [INFO ] o.s.c.s.PostProcessorRegistrationDelegate$BeanPostProcessorChecker - Bean 'indi.atlantis.framework.reditools.common.RedisCommonConfig' of type [indi.atlantis.framework.reditools.common.RedisCommonConfig] is not eligible for getting processed by all BeanPostProcessors (for example: not eligible for auto-proxying)
2021-02-12 23:30:40 [WARN ] io.undertow.websockets.jsr - UT026010: Buffer pool was not set on WebSocketDeploymentInfo, the default pool will be used
2021-02-12 23:30:40 [INFO ] io.undertow.servlet - Initializing Spring embedded WebApplicationContext
2021-02-12 23:30:40 [INFO ] o.s.web.context.ContextLoader - Root WebApplicationContext: initialization completed in 3211 ms
2021-02-12 23:30:41 [WARN ] o.s.b.w.s.c.AnnotationConfigServletWebServerApplicationContext - Exception encountered during context initialization - cancelling refresh attempt: org.springframework.beans.factory.UnsatisfiedDependencyException: Error creating bean with name 'nioServerStarter': Unsatisfied dependency expressed through field 'applicationMulticastGroup'; nested exception is org.springframework.beans.factory.NoSuchBeanDefinitionException: No qualifying bean of type 'indi.atlantis.framework.seafloor.multicast.ApplicationMulticastGroup' available: expected at least 1 bean which qualifies as autowire candidate. Dependency annotations: {@org.springframework.beans.factory.annotation.Autowired(required=true)}
2021-02-12 23:30:41 [INFO ] o.s.b.a.l.ConditionEvaluationReportLoggingListener - 

Error starting ApplicationContext. To display the conditions report re-run your application with 'debug' enabled.
2021-02-12 23:32:47 [INFO ] i.a.f.v.ui.MetricSequencerServer - Starting MetricSequencerServer on DESKTOP-MKDS34U with PID 31912 (F:\github_store\vortex\vortex-sequencer\target\classes started by Dell in F:\github_store\vortex\vortex-sequencer)
2021-02-12 23:32:47 [INFO ] i.a.f.v.ui.MetricSequencerServer - No active profile set, falling back to default profiles: default
2021-02-12 23:32:48 [INFO ] o.s.d.r.c.RepositoryConfigurationDelegate - Multiple Spring Data modules found, entering strict repository configuration mode!
2021-02-12 23:32:48 [INFO ] o.s.d.r.c.RepositoryConfigurationDelegate - Bootstrapping Spring Data Redis repositories in DEFAULT mode.
2021-02-12 23:32:48 [INFO ] o.s.d.r.c.RepositoryConfigurationDelegate - Finished Spring Data repository scanning in 13ms. Found 0 Redis repository interfaces.
2021-02-12 23:32:48 [INFO ] o.s.c.s.PostProcessorRegistrationDelegate$BeanPostProcessorChecker - Bean 'indi.atlantis.framework.vortex.NioTransportAutoConfiguration' of type [indi.atlantis.framework.vortex.NioTransportAutoConfiguration$$EnhancerBySpringCGLIB$$c084c2f0] is not eligible for getting processed by all BeanPostProcessors (for example: not eligible for auto-proxying)
2021-02-12 23:32:49 [INFO ] o.s.c.s.PostProcessorRegistrationDelegate$BeanPostProcessorChecker - Bean 'redisConfig' of type [indi.atlantis.framework.vortex.ui.RedisConfig$$EnhancerBySpringCGLIB$$442bc47d] is not eligible for getting processed by all BeanPostProcessors (for example: not eligible for auto-proxying)
2021-02-12 23:32:49 [INFO ] o.s.c.s.PostProcessorRegistrationDelegate$BeanPostProcessorChecker - Bean 'jedisPoolConfig' of type [redis.clients.jedis.JedisPoolConfig] is not eligible for getting processed by all BeanPostProcessors (for example: not eligible for auto-proxying)
2021-02-12 23:32:49 [INFO ] o.s.c.s.PostProcessorRegistrationDelegate$BeanPostProcessorChecker - Bean 'redisConnectionFactory' of type [org.springframework.data.redis.connection.jedis.JedisConnectionFactory] is not eligible for getting processed by all BeanPostProcessors (for example: not eligible for auto-proxying)
2021-02-12 23:32:49 [INFO ] o.s.c.s.PostProcessorRegistrationDelegate$BeanPostProcessorChecker - Bean 'redisBufferZone' of type [indi.atlantis.framework.vortex.buffer.RedisBufferZone] is not eligible for getting processed by all BeanPostProcessors (for example: not eligible for auto-proxying)
2021-02-12 23:32:49 [INFO ] o.s.c.s.PostProcessorRegistrationDelegate$BeanPostProcessorChecker - Bean 'consumer' of type [indi.atlantis.framework.vortex.Counter] is not eligible for getting processed by all BeanPostProcessors (for example: not eligible for auto-proxying)
2021-02-12 23:32:49 [INFO ] o.s.c.s.PostProcessorRegistrationDelegate$BeanPostProcessorChecker - Bean 'indi.atlantis.framework.seafloor.http.RestClientConfig' of type [indi.atlantis.framework.seafloor.http.RestClientConfig$$EnhancerBySpringCGLIB$$a99a8d54] is not eligible for getting processed by all BeanPostProcessors (for example: not eligible for auto-proxying)
2021-02-12 23:32:49 [INFO ] o.s.c.s.PostProcessorRegistrationDelegate$BeanPostProcessorChecker - Bean 'indi.atlantis.framework.seafloor.multicast.ApplicationMulticastConfig' of type [indi.atlantis.framework.seafloor.multicast.ApplicationMulticastConfig$$EnhancerBySpringCGLIB$$4cbaa0cb] is not eligible for getting processed by all BeanPostProcessors (for example: not eligible for auto-proxying)
2021-02-12 23:32:49 [INFO ] o.s.c.s.PostProcessorRegistrationDelegate$BeanPostProcessorChecker - Bean 'indi.atlantis.framework.reditools.messager.RedisMessageConfig' of type [indi.atlantis.framework.reditools.messager.RedisMessageConfig] is not eligible for getting processed by all BeanPostProcessors (for example: not eligible for auto-proxying)
2021-02-12 23:32:49 [INFO ] o.s.c.s.PostProcessorRegistrationDelegate$BeanPostProcessorChecker - Bean 'indi.atlantis.framework.reditools.messager.RedisMessageConfig$PubSubModeConfig' of type [indi.atlantis.framework.reditools.messager.RedisMessageConfig$PubSubModeConfig] is not eligible for getting processed by all BeanPostProcessors (for example: not eligible for auto-proxying)
2021-02-12 23:32:49 [INFO ] o.s.c.s.PostProcessorRegistrationDelegate$BeanPostProcessorChecker - Bean 'reditools:redis-serializer' of type [org.springframework.data.redis.serializer.Jackson2JsonRedisSerializer] is not eligible for getting processed by all BeanPostProcessors (for example: not eligible for auto-proxying)
2021-02-12 23:32:49 [INFO ] o.s.c.s.PostProcessorRegistrationDelegate$BeanPostProcessorChecker - Bean 'reditools:redis-template' of type [org.springframework.data.redis.core.RedisTemplate] is not eligible for getting processed by all BeanPostProcessors (for example: not eligible for auto-proxying)
2021-02-12 23:32:49 [INFO ] o.s.c.s.PostProcessorRegistrationDelegate$BeanPostProcessorChecker - Bean 'reditools:pubsub-redis-message-dispatcher' of type [indi.atlantis.framework.reditools.messager.PubSubRedisMessageDispatcher] is not eligible for getting processed by all BeanPostProcessors (for example: not eligible for auto-proxying)
2021-02-12 23:32:49 [INFO ] o.s.c.s.PostProcessorRegistrationDelegate$BeanPostProcessorChecker - Bean 'reditools:redis-message-event-listener' of type [indi.atlantis.framework.reditools.messager.RedisMessageEventListener] is not eligible for getting processed by all BeanPostProcessors (for example: not eligible for auto-proxying)
2021-02-12 23:32:49 [INFO ] o.s.c.s.PostProcessorRegistrationDelegate$BeanPostProcessorChecker - Bean 'applicationMulticastLoadBalancer' of type [indi.atlantis.framework.seafloor.ApplicationClusterLoadBalancer] is not eligible for getting processed by all BeanPostProcessors (for example: not eligible for auto-proxying)
2021-02-12 23:32:49 [INFO ] o.s.c.s.PostProcessorRegistrationDelegate$BeanPostProcessorChecker - Bean 'instanceIdGenerator' of type [indi.atlantis.framework.seafloor.DefaultInstanceIdGenerator] is not eligible for getting processed by all BeanPostProcessors (for example: not eligible for auto-proxying)
2021-02-12 23:32:49 [INFO ] o.s.c.s.PostProcessorRegistrationDelegate$BeanPostProcessorChecker - Bean 'indi.atlantis.framework.seafloor.utils.ApplicationUtilityConfig' of type [indi.atlantis.framework.seafloor.utils.ApplicationUtilityConfig$$EnhancerBySpringCGLIB$$a5bda1c6] is not eligible for getting processed by all BeanPostProcessors (for example: not eligible for auto-proxying)
2021-02-12 23:32:49 [INFO ] o.s.c.s.PostProcessorRegistrationDelegate$BeanPostProcessorChecker - Bean 'clusterContact' of type [indi.atlantis.framework.seafloor.utils.Contact] is not eligible for getting processed by all BeanPostProcessors (for example: not eligible for auto-proxying)
2021-02-12 23:32:49 [INFO ] o.s.c.s.PostProcessorRegistrationDelegate$BeanPostProcessorChecker - Bean 'instanceId' of type [indi.atlantis.framework.seafloor.InstanceId] is not eligible for getting processed by all BeanPostProcessors (for example: not eligible for auto-proxying)
2021-02-12 23:32:49 [INFO ] o.s.c.s.PostProcessorRegistrationDelegate$BeanPostProcessorChecker - Bean 'multicastMessageAcker' of type [indi.atlantis.framework.seafloor.multicast.MulticastMessageAcker] is not eligible for getting processed by all BeanPostProcessors (for example: not eligible for auto-proxying)
2021-02-12 23:32:49 [INFO ] o.s.c.s.PostProcessorRegistrationDelegate$BeanPostProcessorChecker - Bean 'applicationMulticastGroup' of type [indi.atlantis.framework.seafloor.multicast.ApplicationMulticastGroup] is not eligible for getting processed by all BeanPostProcessors (for example: not eligible for auto-proxying)
2021-02-12 23:32:49 [INFO ] o.s.c.s.PostProcessorRegistrationDelegate$BeanPostProcessorChecker - Bean 'indi.atlantis.framework.reditools.common.RedisCommonConfig' of type [indi.atlantis.framework.reditools.common.RedisCommonConfig] is not eligible for getting processed by all BeanPostProcessors (for example: not eligible for auto-proxying)
2021-02-12 23:32:50 [WARN ] io.undertow.websockets.jsr - UT026010: Buffer pool was not set on WebSocketDeploymentInfo, the default pool will be used
2021-02-12 23:32:50 [INFO ] io.undertow.servlet - Initializing Spring embedded WebApplicationContext
2021-02-12 23:32:50 [INFO ] o.s.web.context.ContextLoader - Root WebApplicationContext: initialization completed in 2868 ms
2021-02-12 23:32:50 [INFO ] o.s.s.c.ThreadPoolTaskExecutor - Initializing ExecutorService 'applicationClusterTaskExecutor'
2021-02-12 23:32:50 [INFO ] o.s.s.c.ThreadPoolTaskScheduler - Initializing ExecutorService 'applicationClusterTaskScheduler'
2021-02-12 23:32:52 [INFO ] i.a.f.vortex.transport.NettyServer - Netty is started on: 0.0.0.0/0.0.0.0:58869
2021-02-12 23:32:52 [INFO ] o.s.s.c.ThreadPoolTaskExecutor - Initializing ExecutorService 'loopProcessorTaskExecutor'
2021-02-12 23:32:53 [INFO ] i.a.framework.seafloor.InstanceId - 
	Generate the instanceId: metric-sequencer-cluster@4b87f1807d7d4f8f8750185c3a080569
2021-02-12 23:32:53 [INFO ] i.a.f.vortex.TupleLoopProcessor - Add handler: bool/indi.atlantis.framework.vortex.sequence.BoolMetricHandler@a83495d
2021-02-12 23:32:53 [INFO ] i.a.f.vortex.TupleLoopProcessor - Add handler: bool-/indi.atlantis.framework.vortex.sequence.BoolMetricSynchronizationHandler@267cde2e
2021-02-12 23:32:53 [INFO ] i.a.f.vortex.TupleLoopProcessor - Add handler: bool+/indi.atlantis.framework.vortex.sequence.BoolMetricSynchronizationHandler@4d634127
2021-02-12 23:32:53 [INFO ] i.a.f.vortex.TupleLoopProcessor - Add handler: decimal/indi.atlantis.framework.vortex.sequence.DecimalMetricHandler@75b6dd5b
2021-02-12 23:32:53 [INFO ] i.a.f.vortex.TupleLoopProcessor - Add handler: decimal-/indi.atlantis.framework.vortex.sequence.DecimalMetricSynchronizationHandler@4d0e54e0
2021-02-12 23:32:53 [INFO ] i.a.f.vortex.TupleLoopProcessor - Add handler: decimal+/indi.atlantis.framework.vortex.sequence.DecimalMetricSynchronizationHandler@67e25252
2021-02-12 23:32:53 [INFO ] i.a.f.vortex.TupleLoopProcessor - Add handler: double/indi.atlantis.framework.vortex.sequence.DoubleMetricHandler@76ececd
2021-02-12 23:32:53 [INFO ] i.a.f.vortex.TupleLoopProcessor - Add handler: double-/indi.atlantis.framework.vortex.sequence.DoubleMetricSynchronizationHandler@4eb9f2af
2021-02-12 23:32:53 [INFO ] i.a.f.vortex.TupleLoopProcessor - Add handler: double+/indi.atlantis.framework.vortex.sequence.DoubleMetricSynchronizationHandler@77fa9381
2021-02-12 23:32:53 [INFO ] i.a.f.vortex.TupleLoopProcessor - Add handler: long/indi.atlantis.framework.vortex.sequence.LongMetricHandler@64deb58f
2021-02-12 23:32:53 [INFO ] i.a.f.vortex.TupleLoopProcessor - Add handler: long-/indi.atlantis.framework.vortex.sequence.LongMetricSynchronizationHandler@3f5156a6
2021-02-12 23:32:53 [INFO ] i.a.f.vortex.TupleLoopProcessor - Add handler: long+/indi.atlantis.framework.vortex.sequence.LongMetricSynchronizationHandler@44fdce3c
2021-02-12 23:32:54 [INFO ] o.s.b.a.e.web.EndpointLinksResolver - Exposing 13 endpoint(s) beneath base path '/actuator'
2021-02-12 23:32:54 [INFO ] i.a.f.vortex.TupleLoopProcessor - TupleLoopProcessor is started.
2021-02-12 23:32:54 [INFO ] io.undertow - starting server: Undertow - 2.0.29.Final
2021-02-12 23:32:54 [INFO ] org.xnio - XNIO version 3.3.8.Final
2021-02-12 23:32:54 [INFO ] org.xnio.nio - XNIO NIO Implementation Version 3.3.8.Final
2021-02-12 23:32:54 [INFO ] o.s.b.w.e.u.UndertowServletWebServer - Undertow started on port(s) 54404 (http) with context path ''
2021-02-12 23:32:54 [INFO ] i.a.f.v.ui.MetricSequencerServer - Started MetricSequencerServer in 7.453 seconds (JVM running for 7.996)
2021-02-12 23:32:54 [INFO ] i.a.f.s.m.ApplicationMulticastGroup - Registered candidate: {applicationContextPath: http://192.168.159.1:54404, applicationName: metric-sequencer, clusterName: metric-sequencer-cluster, contact: Contact(name=Jimmy Hoff, campany=null, department=null, position=null, homePage=null, email=null, phone=null, description=null), id: metric-sequencer-cluster@4b87f1807d7d4f8f8750185c3a080569, leader: false, startTime: 1613143969390, weight: 1}, Proportion: 1/1
2021-02-12 23:32:54 [INFO ] i.a.f.v.transport.NioServerStarter - Application '{applicationContextPath: http://192.168.159.1:54404, applicationName: metric-sequencer, clusterName: metric-sequencer-cluster, contact: Contact(name=Jimmy Hoff, campany=null, department=null, position=null, homePage=null, email=null, phone=null, description=null), id: metric-sequencer-cluster@4b87f1807d7d4f8f8750185c3a080569, leader: false, startTime: 1613143969390, weight: 1}' join transport cluster 'metric-sequencer-cluster'
2021-02-12 23:32:54 [INFO ] i.a.f.s.m.ApplicationRegistryCenter - Register application: [{applicationContextPath: http://192.168.159.1:54404, applicationName: metric-sequencer, clusterName: metric-sequencer-cluster, contact: Contact(name=Jimmy Hoff, campany=null, department=null, position=null, homePage=null, email=null, phone=null, description=null), id: metric-sequencer-cluster@4b87f1807d7d4f8f8750185c3a080569, leader: false, startTime: 1613143969390, weight: 1}] to ApplicationRegistryCenter
2021-02-12 23:32:54 [INFO ] i.a.f.v.s.FullSynchronizationExecutor - Start full synchronization from {applicationContextPath: http://192.168.159.1:54404, applicationName: metric-sequencer, clusterName: metric-sequencer-cluster, contact: Contact(name=Jimmy Hoff, campany=null, department=null, position=null, homePage=null, email=null, phone=null, description=null), id: metric-sequencer-cluster@4b87f1807d7d4f8f8750185c3a080569, leader: false, startTime: 1613143969390, weight: 1} with 5 seconds.
2021-02-12 23:32:54 [INFO ] i.a.f.s.e.ApplicationLeaderElection - This is the leader of application cluster 'metric-sequencer-cluster'. Current application event type is 'indi.atlantis.framework.seafloor.election.ApplicationClusterLeaderEvent'
2021-02-12 23:32:54 [INFO ] i.a.f.s.e.ApplicationLeaderElection - Current leader: {applicationContextPath: http://192.168.159.1:54404, applicationName: metric-sequencer, clusterName: metric-sequencer-cluster, contact: Contact(name=Jimmy Hoff, campany=null, department=null, position=null, homePage=null, email=null, phone=null, description=null), id: metric-sequencer-cluster@4b87f1807d7d4f8f8750185c3a080569, leader: true, startTime: 1613143969390, weight: 1}
2021-02-12 23:32:54 [WARN ] i.a.f.v.s.IncrementalSynchronizationExecutor - Leader nioserver is not available now.
2021-02-12 23:32:54 [INFO ] i.a.f.v.s.IncrementalSynchronizationExecutor - Start incremental synchronization to {applicationContextPath: http://192.168.159.1:54404, applicationName: metric-sequencer, clusterName: metric-sequencer-cluster, contact: Contact(name=Jimmy Hoff, campany=null, department=null, position=null, homePage=null, email=null, phone=null, description=null), id: metric-sequencer-cluster@4b87f1807d7d4f8f8750185c3a080569, leader: true, startTime: 1613143969390, weight: 1} with 5 seconds.
2021-02-12 23:32:54 [INFO ] i.a.f.vortex.NioTransportContext - NioClient connect to /0.0.0.0:58869
