#
# A fatal error has been detected by the Java Runtime Environment:
#
#  SIGSEGV (0xb) at pc=0x00007fb6f5a486a4, pid=5633, tid=5644
#
# JRE version: OpenJDK Runtime Environment 18.9 (11.0.12+7) (build 11.0.12+7-LTS)
# Java VM: OpenJDK 64-Bit Server VM 18.9 (11.0.12+7-LTS, mixed mode, sharing, tiered, compressed oops, serial gc, linux-amd64)
# Problematic frame:
# C  [libjimage.so+0x26a4]  ImageStrings::find(Endian*, char const*, int*, unsigned int)+0x74
#
# Core dump will be written. Default location: Core dumps may be processed with "/usr/libexec/abrt-hook-ccpp %s %c %p %u %g %t e %P %I %h" (or dumping to /root/work/git_repo/vortex/vortex-metrics/core.5633)
#
# If you would like to submit a bug report, please visit:
#   https://bugzilla.redhat.com/enter_bug.cgi?product=Red%20Hat%20Enterprise%20Linux%207&component=java-11-openjdk
#

---------------  S U M M A R Y ------------

Command Line: -agentlib:jdwp=transport=dt_socket,suspend=y,address=localhost:36698 -javaagent:/opt/eclipse/configuration/org.eclipse.osgi/215/0/.cp/lib/javaagent-shaded.jar -Dfile.encoding=UTF-8 io.atlantisframework.vortex.metrics.MetricSequencerServerMain

Host: Intel(R) Core(TM) i7-10700 CPU @ 2.90GHz, 1 cores, 3G, CentOS Linux release 7.9.2009 (Core)
Time: Mon Dec 13 10:43:09 2021 CST elapsed time: 21.640596 seconds (0d 0h 0m 21s)

---------------  T H R E A D  ---------------

Current thread (0x00007fb6f00c3000):  JavaThread "Signal Dispatcher" daemon [_thread_in_vm, id=5644, stack(0x00007fb6f406f000,0x00007fb6f4170000)]

Stack: [0x00007fb6f406f000,0x00007fb6f4170000],  sp=0x00007fb6f416d080,  free space=1016k
Native frames: (J=compiled Java code, A=aot compiled Java code, j=interpreted, Vv=VM code, C=native code)
C  [libjimage.so+0x26a4]  ImageStrings::find(Endian*, char const*, int*, unsigned int)+0x74
C  [libjimage.so+0x32fb]  ImageFileReader::find_location_index(char const*, unsigned long long*) const+0x4b
C  [libjimage.so+0x3820]  JIMAGE_FindResource+0xd0
V  [libjvm.so+0x636d2d]